<?xml version="1.0" encoding="UTF-8"?>
<testng-results ignored="0" total="1" passed="1" failed="0" skipped="0">
  <reporter-output>
  </reporter-output>
  <suite started-at="2022-11-24T18:42:12 IST" name="Default suite" finished-at="2022-11-24T18:42:26 IST" duration-ms="14920">
    <groups>
    </groups>
    <test started-at="2022-11-24T18:42:12 IST" name="Default test" finished-at="2022-11-24T18:42:26 IST" duration-ms="14920">
      <class name="com.netbank.Testcases.netbank_testcases">
        <test-method is-config="true" signature="setup()[pri:0, instance:com.netbank.Testcases.netbank_testcases@7c711375]" started-at="2022-11-24T18:42:12 IST" name="setup" finished-at="2022-11-24T18:42:23 IST" duration-ms="11490" status="PASS">
          <reporter-output>
          </reporter-output>
        </test-method> <!-- setup -->
        <test-method signature="LoginTest()[pri:0, instance:com.netbank.Testcases.netbank_testcases@7c711375]" started-at="2022-11-24T18:42:23 IST" name="LoginTest" finished-at="2022-11-24T18:42:26 IST" duration-ms="2762" status="PASS">
          <reporter-output>
          </reporter-output>
        </test-method> <!-- LoginTest -->
        <test-method is-config="true" signature="Teardown()[pri:0, instance:com.netbank.Testcases.netbank_testcases@7c711375]" started-at="2022-11-24T18:42:26 IST" name="Teardown" finished-at="2022-11-24T18:42:26 IST" duration-ms="629" status="PASS">
          <reporter-output>
          </reporter-output>
        </test-method> <!-- Teardown -->
      </class> <!-- com.netbank.Testcases.netbank_testcases -->
    </test> <!-- Default test -->
  </suite> <!-- Default suite -->
</testng-results>
