<?xml version="1.0" encoding="UTF-8"?>
<testng-results ignored="0" total="1" passed="1" failed="0" skipped="0">
  <reporter-output>
  </reporter-output>
  <suite started-at="2022-11-23T17:56:51 IST" name="Default suite" finished-at="2022-11-23T17:56:57 IST" duration-ms="6138">
    <groups>
    </groups>
    <test started-at="2022-11-23T17:56:51 IST" name="Default test" finished-at="2022-11-23T17:56:57 IST" duration-ms="6138">
      <class name="Test.Demo_Test">
        <test-method signature="demo()[pri:0, instance:Test.Demo_Test@7a419da4]" started-at="2022-11-23T17:56:51 IST" name="demo" finished-at="2022-11-23T17:56:57 IST" duration-ms="6101" status="PASS">
          <reporter-output>
          </reporter-output>
        </test-method> <!-- demo -->
      </class> <!-- Test.Demo_Test -->
    </test> <!-- Default test -->
  </suite> <!-- Default suite -->
</testng-results>
